[debug] [2022-10-17T20:08:28.856Z] ----------------------------------------------------------------------
[debug] [2022-10-17T20:08:28.859Z] Command:       C:\Program Files\nodejs\node.exe C:\Users\pc\AppData\Roaming\npm\node_modules\firebase-tools\lib\bin\firebase.js deploy
[debug] [2022-10-17T20:08:28.861Z] CLI Version:   11.14.4
[debug] [2022-10-17T20:08:28.861Z] Platform:      win32
[debug] [2022-10-17T20:08:28.861Z] Node Version:  v16.18.0
[debug] [2022-10-17T20:08:28.873Z] Time:          Tue Oct 18 2022 01:08:28 GMT+0500 (Pakistan Standard Time)
[debug] [2022-10-17T20:08:28.874Z] ----------------------------------------------------------------------
[debug] 
[debug] [2022-10-17T20:08:29.002Z] > command requires scopes: ["email","openid","https://www.googleapis.com/auth/cloudplatformprojects.readonly","https://www.googleapis.com/auth/firebase","https://www.googleapis.com/auth/cloud-platform"]
[debug] [2022-10-17T20:08:29.003Z] > authorizing via signed-in user (abrarprince471@gmail.com)
[debug] [2022-10-17T20:08:29.003Z] [iam] checking project iabrar for permissions ["firebase.projects.get","firebasehosting.sites.update"]
[debug] [2022-10-17T20:08:29.006Z] >>> [apiv2][query] POST https://cloudresourcemanager.googleapis.com/v1/projects/iabrar:testIamPermissions [none]
[debug] [2022-10-17T20:08:29.007Z] >>> [apiv2][(partial)header] POST https://cloudresourcemanager.googleapis.com/v1/projects/iabrar:testIamPermissions x-goog-quota-user=projects/iabrar
[debug] [2022-10-17T20:08:29.007Z] >>> [apiv2][body] POST https://cloudresourcemanager.googleapis.com/v1/projects/iabrar:testIamPermissions {"permissions":["firebase.projects.get","firebasehosting.sites.update"]}
[debug] [2022-10-17T20:08:30.759Z] <<< [apiv2][status] POST https://cloudresourcemanager.googleapis.com/v1/projects/iabrar:testIamPermissions 200
[debug] [2022-10-17T20:08:30.760Z] <<< [apiv2][body] POST https://cloudresourcemanager.googleapis.com/v1/projects/iabrar:testIamPermissions {"permissions":["firebase.projects.get","firebasehosting.sites.update"]}
[debug] [2022-10-17T20:08:30.766Z] >>> [apiv2][query] GET https://firebase.googleapis.com/v1beta1/projects/iabrar [none]
[debug] [2022-10-17T20:08:31.363Z] <<< [apiv2][status] GET https://firebase.googleapis.com/v1beta1/projects/iabrar 200
[debug] [2022-10-17T20:08:31.364Z] <<< [apiv2][body] GET https://firebase.googleapis.com/v1beta1/projects/iabrar {"projectId":"iabrar","projectNumber":"211755395211","displayName":"iabrar","name":"projects/iabrar","resources":{"hostingSite":"iabrar"},"state":"ACTIVE","etag":"1_16392462-a6a6-4797-b545-d8515f8174df"}
[info] 
[info] === Deploying to 'iabrar'...
[info] 
[info] i  deploying hosting 
[debug] [2022-10-17T20:08:31.370Z] >>> [apiv2][query] POST https://firebasehosting.googleapis.com/v1beta1/projects/-/sites/iabrar/versions [none]
[debug] [2022-10-17T20:08:31.371Z] >>> [apiv2][body] POST https://firebasehosting.googleapis.com/v1beta1/projects/-/sites/iabrar/versions {"status":"CREATED","labels":{"deployment-tool":"cli-firebase"}}
